<?xml version="1.0" encoding="UTF-8"?>
<coverage generated="1627844447437" clover="3.2.0">
  <project timestamp="1627844447437" name="All files">
    <metrics statements="13" coveredstatements="10" conditionals="6" coveredconditionals="6" methods="4" coveredmethods="2" elements="23" coveredelements="18" complexity="0" loc="13" ncloc="13" packages="1" files="2" classes="2"/>
    <file name="Button.tsx" path="/Users/season/code/ui_component/components/button/Button.tsx">
      <metrics statements="8" coveredstatements="7" conditionals="6" coveredconditionals="6" methods="3" coveredmethods="2"/>
      <line num="1" count="1" type="stmt"/>
      <line num="8" count="1" type="stmt"/>
      <line num="19" count="2" type="stmt"/>
      <line num="20" count="2" type="stmt"/>
      <line num="21" count="0" type="stmt"/>
      <line num="24" count="2" type="cond" truecount="6" falsecount="0"/>
      <line num="26" count="2" type="stmt"/>
      <line num="34" count="2" type="stmt"/>
    </file>
    <file name="index.ts" path="/Users/season/code/ui_component/components/button/index.ts">
      <metrics statements="5" coveredstatements="3" conditionals="0" coveredconditionals="0" methods="1" coveredmethods="0"/>
      <line num="2" count="1" type="stmt"/>
      <line num="5" count="1" type="stmt"/>
      <line num="6" count="0" type="stmt"/>
      <line num="7" count="0" type="stmt"/>
      <line num="10" count="1" type="stmt"/>
    </file>
  </project>
</coverage>
