{"/Users/season/code/ui_component/components/button/Button.tsx": {"path":"/Users/season/code/ui_component/components/button/Button.tsx","statementMap":{"0":{"start":{"line":1,"column":0},"end":{"line":1,"column":null}},"1":{"start":{"line":8,"column":0},"end":{"line":8,"column":15}},"2":{"start":{"line":19,"column":4},"end":{"line":19,"column":11}},"3":{"start":{"line":20,"column":26},"end":{"line":22,"column":null}},"4":{"start":{"line":21,"column":8},"end":{"line":21,"column":12}},"5":{"start":{"line":24,"column":26},"end":{"line":24,"column":null}},"6":{"start":{"line":26,"column":22},"end":{"line":26,"column":null}},"7":{"start":{"line":34,"column":6},"end":{"line":34,"column":17}}},"fnMap":{"0":{"name":"(anonymous_0)","decl":{"start":{"line":17,"column":2},"end":{"line":17,"column":7}},"loc":{"start":{"line":17,"column":26},"end":{"line":36,"column":null}}},"1":{"name":"(anonymous_1)","decl":{"start":{"line":19,"column":11},"end":{"line":19,"column":16}},"loc":{"start":{"line":19,"column":16},"end":{"line":35,"column":null}}},"2":{"name":"(anonymous_2)","decl":{"start":{"line":20,"column":26},"end":{"line":20,"column":31}},"loc":{"start":{"line":20,"column":31},"end":{"line":22,"column":null}}}},"branchMap":{"0":{"loc":{"start":{"line":24,"column":26},"end":{"line":24,"column":32}},"type":"binary-expr","locations":[{"start":{"line":24,"column":26},"end":{"line":24,"column":32}},{"start":{"line":24,"column":47},"end":{"line":24,"column":null}}]},"1":{"loc":{"start":{"line":24,"column":26},"end":{"line":24,"column":31}},"type":"cond-expr","locations":[{"start":{"line":24,"column":26},"end":{"line":24,"column":31}},{"start":{"line":24,"column":26},"end":{"line":24,"column":32}}]},"2":{"loc":{"start":{"line":24,"column":26},"end":{"line":24,"column":31}},"type":"binary-expr","locations":[{"start":{"line":24,"column":26},"end":{"line":24,"column":31}},{"start":{"line":24,"column":26},"end":{"line":24,"column":31}}]}},"s":{"0":1,"1":1,"2":2,"3":2,"4":0,"5":2,"6":2,"7":2},"f":{"0":2,"1":2,"2":0},"b":{"0":[2,1],"1":[1,1],"2":[2,2]}}
,"/Users/season/code/ui_component/components/button/index.ts": {"path":"/Users/season/code/ui_component/components/button/index.ts","statementMap":{"0":{"start":{"line":2,"column":0},"end":{"line":2,"column":null}},"1":{"start":{"line":5,"column":0},"end":{"line":5,"column":7}},"2":{"start":{"line":6,"column":2},"end":{"line":6,"column":5}},"3":{"start":{"line":7,"column":2},"end":{"line":7,"column":9}},"4":{"start":{"line":10,"column":0},"end":{"line":10,"column":15}}},"fnMap":{"0":{"name":"(anonymous_0)","decl":{"start":{"line":5,"column":18},"end":{"line":5,"column":29}},"loc":{"start":{"line":5,"column":29},"end":{"line":8,"column":null}}}},"branchMap":{},"s":{"0":1,"1":1,"2":0,"3":0,"4":1},"f":{"0":0},"b":{}}
}
