TN:
SF:components/button/Button.tsx
FN:17,(anonymous_0)
FN:19,(anonymous_1)
FN:20,(anonymous_2)
FNF:3
FNH:2
FNDA:2,(anonymous_0)
FNDA:2,(anonymous_1)
FNDA:0,(anonymous_2)
DA:1,1
DA:8,1
DA:19,2
DA:20,2
DA:21,0
DA:24,2
DA:26,2
DA:34,2
LF:8
LH:7
BRDA:24,0,0,2
BRDA:24,0,1,1
BRDA:24,1,0,1
BRDA:24,1,1,1
BRDA:24,2,0,2
BRDA:24,2,1,2
BRF:6
BRH:6
end_of_record
TN:
SF:components/button/index.ts
FN:5,(anonymous_0)
FNF:1
FNH:0
FNDA:0,(anonymous_0)
DA:2,1
DA:5,1
DA:6,0
DA:7,0
DA:10,1
LF:5
LH:3
BRF:0
BRH:0
end_of_record
